AUC: 0.5597801331369611
Accuracy: 0.6540238268903477
Precision: 0.4804597701149425
Recall: 0.9492808478425435
F1: 0.6380055965403205

AUC: 0.557870546104475
Accuracy: 0.6438123024556285
Precision: 0.47289156626506024
Recall: 0.9507948523845572
F1: 0.6316318833291426

AUC: 0.5598828923993935
Accuracy: 0.6540238268903477
Precision: 0.4804597701149425
Recall: 0.9492808478425435
F1: 0.6380055965403205

AUC: 0.570811434855508
Accuracy: 0.6632628251884269
Precision: 0.48760650658404336
Recall: 0.9530658591975776
F1: 0.6451447604406866


