################################ init_mag:0.01,lr:0.01 ################################
################################ init_mag:0.01,lr:0.01 ################################
INFO: ----------------args----------------
扰动次数 step: 0
取最优的阈值: 0.06780555099248886
INFO: ----------------results----------------
AUC: 0.7532636046216024
Accuracy: 0.6754239312156676
Precision: 0.5015037593984962
Recall: 0.9758595464520848
F1: 0.6625279364291036

INFO: ----------------args----------------
扰动次数 step: 1
取最优的阈值: 0.0644078478217125
INFO: ----------------results----------------
AUC: 0.7628327548548097
Accuracy: 0.6806782899450681
Precision: 0.5055803571428571
Recall: 0.9941477688368691
F1: 0.6702836004932182

INFO: ----------------args----------------
扰动次数 step: 2
取最优的阈值: 0.06813877820968628
INFO: ----------------results----------------
AUC: 0.7729754548708929
Accuracy: 0.6942918557439695
Precision: 0.5165967188096147
Recall: 0.9904901243599122
F1: 0.679037111334002

INFO: ----------------args----------------
扰动次数 step: 3
取最优的阈值: 0.07161705195903778
INFO: ----------------results----------------
AUC: 0.7830640684420509
Accuracy: 0.7081442560305709
Precision: 0.5283092541975791
Recall: 0.9897585954645208
F1: 0.6889002036659878

INFO: ----------------args----------------
扰动次数 step: 4
取最优的阈值: 0.07554725557565689
INFO: ----------------results----------------
AUC: 0.7922321748198414
Accuracy: 0.7153092906615716
Precision: 0.5345986555950969
Recall: 0.9890270665691295
F1: 0.6940451745379876

INFO: ----------------args----------------
扰动次数 step: 5
取最优的阈值: 0.07803356647491455
INFO: ----------------results----------------
AUC: 0.8003027284471353
Accuracy: 0.7191306424647719
Precision: 0.537972166998012
Recall: 0.9897585954645208
F1: 0.6970633693972179

INFO: ----------------args----------------
扰动次数 step: 6
取最优的阈值: 0.08528352528810501
INFO: ----------------results----------------
AUC: 0.8059357603490586
Accuracy: 0.7248626701695725
Precision: 0.5432944019331454
Recall: 0.9868324798829554
F1: 0.7007792207792208

INFO: ----------------args----------------
扰动次数 step: 7
取最优的阈值: 0.0929119810461998
INFO: ----------------results----------------
AUC: 0.8119135446984906
Accuracy: 0.730355863386673
Precision: 0.5483739837398374
Recall: 0.9868324798829554
F1: 0.7049908544551869

INFO: ----------------args----------------
扰动次数 step: 8
取最优的阈值: 0.09851613640785217
INFO: ----------------results----------------
AUC: 0.8155136007304912
Accuracy: 0.7360878910914737
Precision: 0.5538651315789473
Recall: 0.9853694220921726
F1: 0.709133982627007

INFO: ----------------args----------------
扰动次数 step: 9
取最优的阈值: 0.10600034147500992
INFO: ----------------results----------------
AUC: 0.8193198856532138
Accuracy: 0.7427752567470742
Precision: 0.5602660016625104
Recall: 0.986100950987564
F1: 0.7145507553670819

INFO: ----------------args----------------
扰动次数 step: 10
取最优的阈值: 0.1150144711136818
INFO: ----------------results----------------
AUC: 0.8239827338428095
Accuracy: 0.7475519465010747
Precision: 0.56501677852349
Recall: 0.9853694220921726
F1: 0.7182084777392695

INFO: ----------------args----------------
扰动次数 step: 11
取最优的阈值: 0.12654678523540497
INFO: ----------------results----------------
AUC: 0.8275002983185211
Accuracy: 0.7525674707427753
Precision: 0.5700974163490047
Recall: 0.9846378931967813
F1: 0.7221030042918456

INFO: ----------------args----------------
扰动次数 step: 12
取最优的阈值: 0.15169811248779297
INFO: ----------------results----------------
AUC: 0.8321226789522015
Accuracy: 0.7735849056603774
Precision: 0.5971256374594344
Recall: 0.9422092172640819
F1: 0.7309875141884222

INFO: ----------------args----------------
扰动次数 step: 13
取最优的阈值: 0.16582812368869781
INFO: ----------------results----------------
AUC: 0.836469828324176
Accuracy: 0.7812276092667781
Precision: 0.6057196436943273
Recall: 0.9451353328456474
F1: 0.7382857142857143

INFO: ----------------args----------------
扰动次数 step: 14
取最优的阈值: 0.18411386013031006
INFO: ----------------results----------------
AUC: 0.8429368550483277
Accuracy: 0.7934081681394793
Precision: 0.6205571565802114
Recall: 0.9451353328456474
F1: 0.7492026674398377

INFO: ----------------args----------------
扰动次数 step: 15
取最优的阈值: 0.20311693847179413
INFO: ----------------results----------------
AUC: 0.8509168754896315
Accuracy: 0.8036780511105803
Precision: 0.6332518337408313
Recall: 0.9473299195318216
F1: 0.7590855803048067

INFO: ----------------args----------------
扰动次数 step: 16
取最优的阈值: 0.21147897839546204
INFO: ----------------results----------------
AUC: 0.8577614696986205
Accuracy: 0.8110819202292812
Precision: 0.6370123691722169
Recall: 0.9795171909290417
F1: 0.7719803978091669

INFO: ----------------args----------------
扰动次数 step: 17
取最优的阈值: 0.2344575673341751
INFO: ----------------results----------------
AUC: 0.8649104785029079
Accuracy: 0.8232624791019824
Precision: 0.6545096106456383
Recall: 0.9714703730797366
F1: 0.7820965842167255

INFO: ----------------args----------------
扰动次数 step: 18
取最优的阈值: 0.2553054392337799
INFO: ----------------results----------------
AUC: 0.872845880869741
Accuracy: 0.8294721757821829
Precision: 0.663168415792104
Recall: 0.9707388441843453
F1: 0.7880047505938242

INFO: ----------------args----------------
扰动次数 step: 19
取最优的阈值: 0.2779211401939392
INFO: ----------------results----------------
AUC: 0.8809838804235604
Accuracy: 0.8320993551468832
Precision: 0.6673387096774194
Recall: 0.9685442574981712
F1: 0.7902118770516264

INFO: ----------------args----------------
扰动次数 step: 20
取最优的阈值: 0.2909317910671234
INFO: ----------------results----------------
AUC: 0.8876934530757937
Accuracy: 0.8316216861714831
Precision: 0.6646766169154229
Recall: 0.9773226042428675
F1: 0.7912348238081136

INFO: ----------------args----------------
扰动次数 step: 21
取最优的阈值: 0.31336745619773865
INFO: ----------------results----------------
AUC: 0.8912657525149549
Accuracy: 0.8385478863147838
Precision: 0.675114039533705
Recall: 0.9743964886613021
F1: 0.7976047904191617

INFO: ----------------args----------------
扰动次数 step: 22
取最优的阈值: 0.33595752716064453
INFO: ----------------results----------------
AUC: 0.8924212828215224
Accuracy: 0.8416527346548842
Precision: 0.6795918367346939
Recall: 0.9743964886613021
F1: 0.800721370604148

INFO: ----------------args----------------
扰动次数 step: 23
取最优的阈值: 0.37631329894065857
INFO: ----------------results----------------
AUC: 0.8929919791228917
Accuracy: 0.8734177215189873
Precision: 0.7507489514679448
Recall: 0.916605705925384
F1: 0.8254281949934124

INFO: ----------------args----------------
扰动次数 step: 24
取最优的阈值: 0.39253896474838257
INFO: ----------------results----------------
AUC: 0.8927775788987637
Accuracy: 0.8841652734654885
Precision: 0.7692307692307693
Recall: 0.9217264081931237
F1: 0.8386023294509152

################################ init_mag:0.01,lr:0.02 ################################
################################ init_mag:0.01,lr:0.02 ################################
INFO: ----------------args----------------
扰动次数 step: 0
取最优的阈值: 0.06780555099248886
INFO: ----------------results----------------
AUC: 0.7532636046216024
Accuracy: 0.6754239312156676
Precision: 0.5015037593984962
Recall: 0.9758595464520848
F1: 0.6625279364291036

INFO: ----------------args----------------
扰动次数 step: 1
取最优的阈值: 0.06982158869504929
INFO: ----------------results----------------
AUC: 0.7728272035362418
Accuracy: 0.6940530212562694
Precision: 0.516412213740458
Recall: 0.9897585954645208
F1: 0.6787057938299473

INFO: ----------------args----------------
扰动次数 step: 2
取最优的阈值: 0.07559876143932343
INFO: ----------------results----------------
AUC: 0.7921847032638639
Accuracy: 0.7157869596369716
Precision: 0.5350495049504951
Recall: 0.9882955376737381
F1: 0.6942446043165468

INFO: ----------------args----------------
扰动次数 step: 3
取最优的阈值: 0.08665913343429565
INFO: ----------------results----------------
AUC: 0.8060901077578381
Accuracy: 0.7258180081203726
Precision: 0.5442067016552281
Recall: 0.986100950987564
F1: 0.7013527575442247

INFO: ----------------args----------------
扰动次数 step: 4
取最优的阈值: 0.09763242304325104
INFO: ----------------results----------------
AUC: 0.81472759627906
Accuracy: 0.7353713876283735
Precision: 0.5531391054575298
Recall: 0.986100950987564
F1: 0.7087276550998948

INFO: ----------------args----------------
扰动次数 step: 5
取最优的阈值: 0.11585788428783417
INFO: ----------------results----------------
AUC: 0.8233925819857117
Accuracy: 0.7480296154764748
Precision: 0.5654911838790933
Recall: 0.9853694220921726
F1: 0.7185916244331823

INFO: ----------------args----------------
扰动次数 step: 6
取最优的阈值: 0.13737982511520386
INFO: ----------------results----------------
AUC: 0.8321151561373199
Accuracy: 0.7561499880582756
Precision: 0.573679727427598
Recall: 0.9853694220921726
F1: 0.7251682368775235

INFO: ----------------args----------------
扰动次数 step: 7
取最优的阈值: 0.1814531683921814
INFO: ----------------results----------------
AUC: 0.843011564382325
Accuracy: 0.7919751612132792
Precision: 0.6183206106870229
Recall: 0.9480614484272128
F1: 0.7484839734334392

INFO: ----------------args----------------
扰动次数 step: 8
取最优的阈值: 0.21065615117549896
INFO: ----------------results----------------
AUC: 0.8583142668887194
Accuracy: 0.8137090995939814
Precision: 0.6406324868231912
Recall: 0.978054133138259
F1: 0.774174869716271

INFO: ----------------args----------------
扰动次数 step: 9
取最优的阈值: 0.2532132565975189
INFO: ----------------results----------------
AUC: 0.8757827618588097
Accuracy: 0.8280391688559828
Precision: 0.6615077383924114
Recall: 0.9692757863935626
F1: 0.7863501483679527

INFO: ----------------args----------------
扰动次数 step: 10
取最优的阈值: 0.2877577245235443
INFO: ----------------results----------------
AUC: 0.8887855582706865
Accuracy: 0.8311440171960831
Precision: 0.6638530287984111
Recall: 0.978054133138259
F1: 0.7908902691511387

INFO: ----------------args----------------
扰动次数 step: 11
取最优的阈值: 0.3562227487564087
INFO: ----------------results----------------
AUC: 0.8923218000798975
Accuracy: 0.8667303558633866
Precision: 0.7412045319022064
Recall: 0.9092904169714704
F1: 0.8166885676741131

INFO: ----------------args----------------
扰动次数 step: 12
取最优的阈值: 0.38868775963783264
INFO: ----------------results----------------
AUC: 0.8927345172687512
Accuracy: 0.8855982803916885
Precision: 0.7707317073170732
Recall: 0.9246525237746891
F1: 0.8407050216162288

INFO: ----------------args----------------
扰动次数 step: 13
取最优的阈值: 0.41599199175834656
INFO: ----------------results----------------
AUC: 0.8890615677546213
Accuracy: 0.8848817769285885
Precision: 0.7703115455100794
Recall: 0.922457937088515
F1: 0.8395472703062583

INFO: ----------------args----------------
扰动次数 step: 14
取最优的阈值: 0.43921589851379395
INFO: ----------------results----------------
AUC: 0.8839285436349203
Accuracy: 0.8877477907809888
Precision: 0.7777089783281734
Recall: 0.9188002926115582
F1: 0.8423876592890678

INFO: ----------------args----------------
扰动次数 step: 15
取最优的阈值: 0.43839162588119507
INFO: ----------------results----------------
AUC: 0.8659117911044012
Accuracy: 0.8244566515404824
Precision: 0.6565906838453914
Recall: 0.9692757863935626
F1: 0.7828655834564254

INFO: ----------------args----------------
扰动次数 step: 16
取最优的阈值: 0.45005783438682556
INFO: ----------------results----------------
AUC: 0.8533556942520506
Accuracy: 0.7946023405779795
Precision: 0.618292113859076
Recall: 0.9692757863935626
F1: 0.7549857549857549

INFO: ----------------args----------------
扰动次数 step: 17
取最优的阈值: 0.4936591386795044
INFO: ----------------results----------------
AUC: 0.8429033914924746
Accuracy: 0.8213518032003821
Precision: 0.6872353297035693
Recall: 0.831016825164594
F1: 0.752317880794702

INFO: ----------------args----------------
扰动次数 step: 18
取最优的阈值: 0.5068069100379944
INFO: ----------------results----------------
AUC: 0.8303806284922721
Accuracy: 0.820396465249582
Precision: 0.6833631484794276
Recall: 0.8383321141185077
F1: 0.7529566360052563

INFO: ----------------args----------------
扰动次数 step: 19
取最优的阈值: 0.5222752690315247
INFO: ----------------results----------------
AUC: 0.8275929067637889
Accuracy: 0.8275614998805828
Precision: 0.6939266386049309
Recall: 0.8441843452816387
F1: 0.7617161716171618

INFO: ----------------args----------------
扰动次数 step: 20
取最优的阈值: 0.5338290333747864
INFO: ----------------results----------------
AUC: 0.8256364560797316
Accuracy: 0.8297110102698829
Precision: 0.6972255729794934
Recall: 0.8456474030724214
F1: 0.7642975206611571

INFO: ----------------args----------------
扰动次数 step: 21
取最优的阈值: 0.5467739701271057
INFO: ----------------results----------------
AUC: 0.8238088011745968
Accuracy: 0.8304275137329831
Precision: 0.6970605878824235
Recall: 0.8500365764447696
F1: 0.7659854976928148

INFO: ----------------args----------------
扰动次数 step: 22
取最优的阈值: 0.5620560646057129
INFO: ----------------results----------------
AUC: 0.8222345873087519
Accuracy: 0.8335323620730833
Precision: 0.7027845036319612
Recall: 0.8493050475493782
F1: 0.7691288506127857

INFO: ----------------args----------------
扰动次数 step: 23
取最优的阈值: 0.5754180550575256
INFO: ----------------results----------------
AUC: 0.8212485797444319
Accuracy: 0.8347265345115835
Precision: 0.7049180327868853
Recall: 0.8493050475493782
F1: 0.7704047777040479

INFO: ----------------args----------------
扰动次数 step: 24
取最优的阈值: 0.5863800644874573
INFO: ----------------results----------------
AUC: 0.8214701136723269
Accuracy: 0.8349653689992835
Precision: 0.7058465286236297
Recall: 0.8478419897585955
F1: 0.7703555998670655

################################ init_mag:0.02,lr:0.01 ################################
################################ init_mag:0.02,lr:0.01 ################################
INFO: ----------------args----------------
扰动次数 step: 0
取最优的阈值: 0.06780555099248886
INFO: ----------------results----------------
AUC: 0.7532636046216024
Accuracy: 0.6754239312156676
Precision: 0.5015037593984962
Recall: 0.9758595464520848
F1: 0.6625279364291036

INFO: ----------------args----------------
扰动次数 step: 1
取最优的阈值: 0.0680517852306366
INFO: ----------------results----------------
AUC: 0.7634681733049024
Accuracy: 0.6833054693097683
Precision: 0.5076865391826022
Recall: 0.9904901243599122
F1: 0.6712940009915718

INFO: ----------------args----------------
扰动次数 step: 2
取最优的阈值: 0.06964265555143356
INFO: ----------------results----------------
AUC: 0.7725314790891686
Accuracy: 0.6952471936947695
Precision: 0.5173996175908222
Recall: 0.9897585954645208
F1: 0.6795580110497238

INFO: ----------------args----------------
扰动次数 step: 3
取最优的阈值: 0.07303615659475327
INFO: ----------------results----------------
AUC: 0.7834559033344228
Accuracy: 0.7064724146166707
Precision: 0.5269320843091335
Recall: 0.9875640087783467
F1: 0.687197760244337

INFO: ----------------args----------------
扰动次数 step: 4
取最优的阈值: 0.0771569162607193
INFO: ----------------results----------------
AUC: 0.7916049277031549
Accuracy: 0.7143539527107714
Precision: 0.5339420404922588
Recall: 0.9839063643013899
F1: 0.692228512609367

INFO: ----------------args----------------
扰动次数 step: 5
取最优的阈值: 0.07653110474348068
INFO: ----------------results----------------
AUC: 0.7999924771851182
Accuracy: 0.7176976355385718
Precision: 0.536662703131193
Recall: 0.9904901243599122
F1: 0.6961439588688946

INFO: ----------------args----------------
扰动次数 step: 6
取最优的阈值: 0.08360601961612701
INFO: ----------------results----------------
AUC: 0.8063907609456957
Accuracy: 0.7243850011941725
Precision: 0.5428226779252111
Recall: 0.9875640087783467
F1: 0.700570835495589

INFO: ----------------args----------------
扰动次数 step: 7
取最优的阈值: 0.09164515882730484
INFO: ----------------results----------------
AUC: 0.8120881258852278
Accuracy: 0.7310723668497731
Precision: 0.5493650143383859
Recall: 0.9809802487198245
F1: 0.7043067226890756

INFO: ----------------args----------------
扰动次数 step: 8
取最优的阈值: 0.0987028256058693
INFO: ----------------results----------------
AUC: 0.8150658635413263
Accuracy: 0.7339383807021734
Precision: 0.5517805976258698
Recall: 0.986100950987564
F1: 0.7076115485564305

INFO: ----------------args----------------
扰动次数 step: 9
取最优的阈值: 0.10855691879987717
INFO: ----------------results----------------
AUC: 0.8195824059518436
Accuracy: 0.7425364222593742
Precision: 0.5602334305960817
Recall: 0.9831748354059985
F1: 0.7137546468401486

INFO: ----------------args----------------
扰动次数 step: 10
取最优的阈值: 0.11455080658197403
INFO: ----------------results----------------
AUC: 0.8232999735404442
Accuracy: 0.7463577740625746
Precision: 0.5638877251780477
Recall: 0.9846378931967813
F1: 0.717101758124667

INFO: ----------------args----------------
扰动次数 step: 11
取最优的阈值: 0.12234703451395035
INFO: ----------------results----------------
AUC: 0.8274958883925561
Accuracy: 0.7492237879149749
Precision: 0.5666806899453092
Recall: 0.9853694220921726
F1: 0.7195512820512819

INFO: ----------------args----------------
扰动次数 step: 12
取最优的阈值: 0.13941821455955505
INFO: ----------------results----------------
AUC: 0.8319276045800973
Accuracy: 0.7563888225459756
Precision: 0.5740503627827571
Recall: 0.9839063643013899
F1: 0.7250673854447439

INFO: ----------------args----------------
扰动次数 step: 13
取最优的阈值: 0.15341144800186157
INFO: ----------------results----------------
AUC: 0.8368848801797175
Accuracy: 0.7671363744924767
Precision: 0.585589519650655
Recall: 0.9809802487198245
F1: 0.7333880229696472

INFO: ----------------args----------------
扰动次数 step: 14
取最优的阈值: 0.1642080694437027
INFO: ----------------results----------------
AUC: 0.8434089765340057
Accuracy: 0.7726295677095772
Precision: 0.5906509392747925
Recall: 0.9890270665691295
F1: 0.7396061269146609

INFO: ----------------args----------------
扰动次数 step: 15
取最优的阈值: 0.20022183656692505
INFO: ----------------results----------------
AUC: 0.8511701868252165
Accuracy: 0.80009553379508
Precision: 0.6280193236714976
Recall: 0.9509875640087784
F1: 0.7564736688972942

INFO: ----------------args----------------
扰动次数 step: 16
取最优的阈值: 0.21028292179107666
INFO: ----------------results----------------
AUC: 0.8581718522207867
Accuracy: 0.8074994029137808
Precision: 0.6331276696725202
Recall: 0.9758595464520848
F1: 0.7679907887161773

INFO: ----------------args----------------
扰动次数 step: 17
取最优的阈值: 0.2292911857366562
INFO: ----------------results----------------
AUC: 0.8662910447374018
Accuracy: 0.8211129687126821
Precision: 0.651174168297456
Recall: 0.9736649597659107
F1: 0.7804163002052185

INFO: ----------------args----------------
扰动次数 step: 18
取最优的阈值: 0.2535032629966736
INFO: ----------------results----------------
AUC: 0.8737925882114896
Accuracy: 0.8282780033436828
Precision: 0.6611940298507463
Recall: 0.972201901975128
F1: 0.7870891323660053

INFO: ----------------args----------------
扰动次数 step: 19
取最优的阈值: 0.2762182056903839
INFO: ----------------results----------------
AUC: 0.8806681816059393
Accuracy: 0.8316216861714831
Precision: 0.6666666666666666
Recall: 0.9685442574981712
F1: 0.7897405308678795

INFO: ----------------args----------------
扰动次数 step: 20
取最优的阈值: 0.2908826172351837
INFO: ----------------results----------------
AUC: 0.8870322235884346
Accuracy: 0.8313828516837831
Precision: 0.6646736422521176
Recall: 0.9758595464520848
F1: 0.7907528156490812

INFO: ----------------args----------------
扰动次数 step: 21
取最优的阈值: 0.3129487931728363
INFO: ----------------results----------------
AUC: 0.8894810295361276
Accuracy: 0.8375925483639838
Precision: 0.6741003547896605
Recall: 0.9729334308705194
F1: 0.7964071856287426

INFO: ----------------args----------------
扰动次数 step: 22
取最优的阈值: 0.3386755585670471
INFO: ----------------results----------------
AUC: 0.8906488816946566
Accuracy: 0.8428469070933843
Precision: 0.6820749871597329
Recall: 0.9714703730797366
F1: 0.8014484007242002

INFO: ----------------args----------------
扰动次数 step: 23
取最优的阈值: 0.3736923933029175
INFO: ----------------results----------------
AUC: 0.892295081116697
Accuracy: 0.8688798662526869
Precision: 0.7369640787949016
Recall: 0.93050475493782
F1: 0.8225024248302619

INFO: ----------------args----------------
扰动次数 step: 24
取最优的阈值: 0.3898701071739197
INFO: ----------------results----------------
AUC: 0.8920076577067347
Accuracy: 0.8724623835681873
Precision: 0.7474747474747475
Recall: 0.9202633504023409
F1: 0.8249180327868852

################################ init_mag:0.02,lr:0.02 ################################
################################ init_mag:0.02,lr:0.02 ################################
INFO: ----------------args----------------
扰动次数 step: 0
取最优的阈值: 0.06780555099248886
INFO: ----------------results----------------
AUC: 0.7532636046216024
Accuracy: 0.6754239312156676
Precision: 0.5015037593984962
Recall: 0.9758595464520848
F1: 0.6625279364291036

INFO: ----------------args----------------
扰动次数 step: 1
取最优的阈值: 0.06937312334775925
INFO: ----------------results----------------
AUC: 0.7729448447965468
Accuracy: 0.6942918557439695
Precision: 0.5166220863584257
Recall: 0.9890270665691295
F1: 0.6787148594377511

INFO: ----------------args----------------
扰动次数 step: 2
取最优的阈值: 0.07620929181575775
INFO: ----------------results----------------
AUC: 0.79183100126072
Accuracy: 0.7145927871984714
Precision: 0.5340729001584786
Recall: 0.986100950987564
F1: 0.6928810074530969

INFO: ----------------args----------------
扰动次数 step: 3
取最优的阈值: 0.08413279056549072
INFO: ----------------results----------------
AUC: 0.8058971086450114
Accuracy: 0.7227131597802723
Precision: 0.5412329863891113
Recall: 0.9890270665691295
F1: 0.6996119016817595

INFO: ----------------args----------------
扰动次数 step: 4
取最优的阈值: 0.09796994924545288
INFO: ----------------results----------------
AUC: 0.8149670293182254
Accuracy: 0.7339383807021734
Precision: 0.5517805976258698
Recall: 0.986100950987564
F1: 0.7076115485564305

INFO: ----------------args----------------
扰动次数 step: 5
取最优的阈值: 0.11526486277580261
INFO: ----------------results----------------
AUC: 0.8231292834648528
Accuracy: 0.7482684499641749
Precision: 0.5658947368421052
Recall: 0.9831748354059985
F1: 0.718332442544094

INFO: ----------------args----------------
扰动次数 step: 6
取最优的阈值: 0.13910144567489624
INFO: ----------------results----------------
AUC: 0.8319722226545679
Accuracy: 0.7556723190828756
Precision: 0.5734415029888984
Recall: 0.9824433065106072
F1: 0.7241844162847129

INFO: ----------------args----------------
扰动次数 step: 7
取最优的阈值: 0.18134944140911102
INFO: ----------------results----------------
AUC: 0.8434545025344103
Accuracy: 0.7869596369715787
Precision: 0.612081170363379
Recall: 0.9487929773226043
F1: 0.7441193344807804

INFO: ----------------args----------------
扰动次数 step: 8
取最优的阈值: 0.21134619414806366
INFO: ----------------results----------------
AUC: 0.8587106414107613
Accuracy: 0.8089324098399809
Precision: 0.6353221957040572
Recall: 0.9736649597659107
F1: 0.7689196995956095

INFO: ----------------args----------------
扰动次数 step: 9
取最优的阈值: 0.25192925333976746
INFO: ----------------results----------------
AUC: 0.8752439726688351
Accuracy: 0.8261284929543826
Precision: 0.6587183308494784
Recall: 0.9700073152889539
F1: 0.7846153846153846

INFO: ----------------args----------------
扰动次数 step: 10
取最优的阈值: 0.2858448922634125
INFO: ----------------results----------------
AUC: 0.8876091456676368
Accuracy: 0.8306663482206831
Precision: 0.663356504468719
Recall: 0.9773226042428675
F1: 0.7902987281869269

INFO: ----------------args----------------
扰动次数 step: 11
取最优的阈值: 0.3369423747062683
INFO: ----------------results----------------
AUC: 0.8910333234758517
Accuracy: 0.8433245760687843
Precision: 0.6837209302325581
Recall: 0.9678127286027798
F1: 0.8013325257419744

INFO: ----------------args----------------
扰动次数 step: 12
取最优的阈值: 0.38747498393058777
INFO: ----------------results----------------
AUC: 0.8925045526000406
Accuracy: 0.8760449008836876
Precision: 0.7517814726840855
Recall: 0.9261155815654718
F1: 0.8298918387413963

INFO: ----------------args----------------
扰动次数 step: 13
取最优的阈值: 0.4137328565120697
INFO: ----------------results----------------
AUC: 0.8889271947163899
Accuracy: 0.8817769285884882
Precision: 0.7636033857315598
Recall: 0.9239209948792977
F1: 0.8361469712015889

INFO: ----------------args----------------
扰动次数 step: 14
取最优的阈值: 0.43969666957855225
INFO: ----------------results----------------
AUC: 0.883356161185388
Accuracy: 0.8789109147360878
Precision: 0.7599758162031439
Recall: 0.9195318215069496
F1: 0.8321747765640517

INFO: ----------------args----------------
扰动次数 step: 15
取最优的阈值: 0.44414666295051575
INFO: ----------------results----------------
AUC: 0.8651331797641467
Accuracy: 0.8273226653928827
Precision: 0.6634517766497462
Recall: 0.9561082662765179
F1: 0.7833383278393766

INFO: ----------------args----------------
扰动次数 step: 16
取最优的阈值: 0.4496285021305084
INFO: ----------------results----------------
AUC: 0.8527639859504946
Accuracy: 0.7955576785287796
Precision: 0.6200093940817285
Recall: 0.9656181419166057
F1: 0.7551487414187642

INFO: ----------------args----------------
扰动次数 step: 17
取最优的阈值: 0.4939359724521637
INFO: ----------------results----------------
AUC: 0.8410688622909824
Accuracy: 0.8089324098399809
Precision: 0.6630247268545141
Recall: 0.8434528163862473
F1: 0.74243399871217

INFO: ----------------args----------------
扰动次数 step: 18
取最优的阈值: 0.5078876614570618
INFO: ----------------results----------------
AUC: 0.8300847743414943
Accuracy: 0.8151421065201815
Precision: 0.6772265391512253
Recall: 0.8288222384784198
F1: 0.7453947368421052

INFO: ----------------args----------------
扰动次数 step: 19
取最优的阈值: 0.522595226764679
INFO: ----------------results----------------
AUC: 0.8255289317084052
Accuracy: 0.8165751134463817
Precision: 0.6766961651917404
Recall: 0.839063643013899
F1: 0.7491835401698236

INFO: ----------------args----------------
扰动次数 step: 20
取最优的阈值: 0.5306472182273865
INFO: ----------------results----------------
AUC: 0.8243338417718564
Accuracy: 0.8211129687126821
Precision: 0.6800699300699301
Recall: 0.8536942209217264
F1: 0.7570548167369445

INFO: ----------------args----------------
扰动次数 step: 21
取最优的阈值: 0.5488083362579346
INFO: ----------------results----------------
AUC: 0.8233256548740058
Accuracy: 0.8270838309051827
Precision: 0.6935580975316075
Recall: 0.8427212874908558
F1: 0.7608982826948482

INFO: ----------------args----------------
扰动次数 step: 22
取最优的阈值: 0.5616863965988159
INFO: ----------------results----------------
AUC: 0.8215221248579744
Accuracy: 0.8294721757821829
Precision: 0.6944609886837403
Recall: 0.852962692026335
F1: 0.7655942219304006

INFO: ----------------args----------------
扰动次数 step: 23
取最优的阈值: 0.572952389717102
INFO: ----------------results----------------
AUC: 0.8207870939625521
Accuracy: 0.8249343205158824
Precision: 0.6853801169590643
Recall: 0.8573518653986832
F1: 0.7617809554761131

INFO: ----------------args----------------
扰动次数 step: 24
取最优的阈值: 0.5848842263221741
INFO: ----------------results----------------
AUC: 0.821102792780173
Accuracy: 0.8297110102698829
Precision: 0.6953405017921147
Recall: 0.8514996342355523
F1: 0.7655376520881289

args: init_mag: 0.01, lr: 0.02, step: 14
AUC: 0.8839285436349203
Accuracy: 0.8877477907809888
Precision: 0.7777089783281734
Recall: 0.9188002926115582
F1: 0.8423876592890678

